[dotenv@17.2.3] injecting env (1) from .env -- tip: ⚙️  write to custom object with { processEnv: myObject }
[dotenv@17.2.3] injecting env (0) from .env -- tip: 🔄 add secrets lifecycle management: https://dotenvx.com/ops
Server listening on port 3001
User connected: z1cjDosdwbNa5HaGAAAB
User disconnected: z1cjDosdwbNa5HaGAAAB
User connected: eVP8rWNhfLS-ordCAAAD
User disconnected: eVP8rWNhfLS-ordCAAAD
User connected: mzUdcEI4wJRDRp-qAAAF
Room created: 593437
User connected: BnxsZdjdXV83b90rAAAH
User disconnected: mzUdcEI4wJRDRp-qAAAF
User connected: bkU615j2rftNKNJOAAAJ
Room created: 758654
User disconnected: bkU615j2rftNKNJOAAAJ
User connected: D4SP5Tyl--K-K8hkAAAL
User disconnected: D4SP5Tyl--K-K8hkAAAL
User connected: n9lZBiJWRP3FW3LbAAAN
User disconnected: n9lZBiJWRP3FW3LbAAAN
User connected: 2BFhALuzMFU-xOHtAAAP
User disconnected: 2BFhALuzMFU-xOHtAAAP
User connected: DNRPw21nlQnSnvU5AAAR
User disconnected: DNRPw21nlQnSnvU5AAAR
User disconnected: BnxsZdjdXV83b90rAAAH
User connected: gDQyzsKjKfvhAeniAAAT
User connected: g2wHaS9EpkLW2w0AAAAV
